<?xml version="1.0" encoding="UTF-8"?>
<!-- Generated by org.testng.reporters.JUnitXMLReporter -->
<testsuite ignored="0" hostname="LAPTOP-TI61EAF6" failures="1" tests="4" name="Default test" time="25.945" errors="0" timestamp="2025-09-07T13:21:39 IST">
  <testcase classname="LambdaTest.LambdaTestPlaygroud.BuyItemsScenarios" name="Login" time="3.274"/>
  <testcase classname="LambdaTest.LambdaTestPlaygroud.BuyItemsScenarios" name="ViewItemsTC1" time="6.107"/>
  <testcase classname="LambdaTest.LambdaTestPlaygroud.BuyItemsScenarios" name="AddItemstoCartTC2" time="3.743"/>
  <testcase classname="LambdaTest.LambdaTestPlaygroud.BuyItemsScenarios" name="CheckOutTC3" time="5.603">
    <failure type="org.openqa.selenium.UnhandledAlertException" message="unexpected alert open: {Alert text : SyntaxError: Unexpected token &amp;apos;&amp;lt;&amp;apos;, &amp;quot;&amp;lt;b&amp;gt;Notice&amp;lt;&amp;quot;... is not valid JSON
OK
&amp;lt;b&amp;gt;Notice&amp;lt;/b&amp;gt;: Undefined index: payment_method in &amp;lt;b&amp;gt;/var/www/html/oc/catalog/controller/extension/maza/checkout.php&amp;lt;/b&amp;gt; on line &amp;lt;b&amp;gt;699&amp;lt;/b&amp;gt;{&amp;quot;error&amp;quot;:{&amp;quot;warning&amp;quot;:&amp;quot;Warning: Payment method required!&amp;quot;}}}
  (Session info: chrome=139.0.7258.155): SyntaxError: Unexpected token &amp;apos;&amp;lt;&amp;apos;, &amp;quot;&amp;lt;b&amp;gt;Notice&amp;lt;&amp;quot;... is not valid JSON
OK
&amp;lt;b&amp;gt;Notice&amp;lt;/b&amp;gt;: Undefined index: payment_method in &amp;lt;b&amp;gt;/var/www/html/oc/catalog/controller/extension/maza/checkout.php&amp;lt;/b&amp;gt; on line &amp;lt;b&amp;gt;699&amp;lt;/b&amp;gt;{&amp;quot;error&amp;quot;:{&amp;quot;warning&amp;quot;:&amp;quot;Warning: Payment method required!&amp;quot;}}
Build info: version: &amp;apos;4.35.0&amp;apos;, revision: &amp;apos;1c58e5028b&amp;apos;
System info: os.name: &amp;apos;Windows 11&amp;apos;, os.arch: &amp;apos;amd64&amp;apos;, os.version: &amp;apos;10.0&amp;apos;, java.version: &amp;apos;23.0.2&amp;apos;
Driver info: org.openqa.selenium.chrome.ChromeDriver
Command: [a4ebb9765bc68ec25e785af59e26ebbc, findElement {using=id, value=button-confirm}]
Capabilities {acceptInsecureCerts: false, browserName: chrome, browserVersion: 139.0.7258.155, chrome: {chromedriverVersion: 138.0.7204.49 (d2b48fd5f781..., userDataDir: C:\Users\acer\AppData\Local...}, fedcm:accounts: true, goog:chromeOptions: {debuggerAddress: localhost:63345}, networkConnectionEnabled: false, pageLoadStrategy: normal, platformName: windows, proxy: Proxy(), se:cdp: ws://localhost:63345/devtoo..., se:cdpVersion: 139.0.7258.155, setWindowRect: true, strictFileInteractability: false, timeouts: {implicit: 0, pageLoad: 300000, script: 30000}, unhandledPromptBehavior: dismiss and notify, webauthn:extension:credBlob: true, webauthn:extension:largeBlob: true, webauthn:extension:minPinLength: true, webauthn:extension:prf: true, webauthn:virtualAuthenticators: true}
Session ID: a4ebb9765bc68ec25e785af59e26ebbc">
      <![CDATA[org.openqa.selenium.UnhandledAlertException: unexpected alert open: {Alert text : SyntaxError: Unexpected token '<', "<b>Notice<"... is not valid JSON
OK
<b>Notice</b>: Undefined index: payment_method in <b>/var/www/html/oc/catalog/controller/extension/maza/checkout.php</b> on line <b>699</b>{"error":{"warning":"Warning: Payment method required!"}}}
  (Session info: chrome=139.0.7258.155): SyntaxError: Unexpected token '<', "<b>Notice<"... is not valid JSON
OK
<b>Notice</b>: Undefined index: payment_method in <b>/var/www/html/oc/catalog/controller/extension/maza/checkout.php</b> on line <b>699</b>{"error":{"warning":"Warning: Payment method required!"}}
Build info: version: '4.35.0', revision: '1c58e5028b'
System info: os.name: 'Windows 11', os.arch: 'amd64', os.version: '10.0', java.version: '23.0.2'
Driver info: org.openqa.selenium.chrome.ChromeDriver
Command: [a4ebb9765bc68ec25e785af59e26ebbc, findElement {using=id, value=button-confirm}]
Capabilities {acceptInsecureCerts: false, browserName: chrome, browserVersion: 139.0.7258.155, chrome: {chromedriverVersion: 138.0.7204.49 (d2b48fd5f781..., userDataDir: C:\Users\acer\AppData\Local...}, fedcm:accounts: true, goog:chromeOptions: {debuggerAddress: localhost:63345}, networkConnectionEnabled: false, pageLoadStrategy: normal, platformName: windows, proxy: Proxy(), se:cdp: ws://localhost:63345/devtoo..., se:cdpVersion: 139.0.7258.155, setWindowRect: true, strictFileInteractability: false, timeouts: {implicit: 0, pageLoad: 300000, script: 30000}, unhandledPromptBehavior: dismiss and notify, webauthn:extension:credBlob: true, webauthn:extension:largeBlob: true, webauthn:extension:minPinLength: true, webauthn:extension:prf: true, webauthn:virtualAuthenticators: true}
Session ID: a4ebb9765bc68ec25e785af59e26ebbc
at org.openqa.selenium.remote.codec.w3c.W3CHttpResponseCodec.decode(W3CHttpResponseCodec.java:136)
at org.openqa.selenium.remote.codec.w3c.W3CHttpResponseCodec.decode(W3CHttpResponseCodec.java:50)
at org.openqa.selenium.remote.HttpCommandExecutor.execute(HttpCommandExecutor.java:215)
at org.openqa.selenium.remote.service.DriverCommandExecutor.invokeExecute(DriverCommandExecutor.java:216)
at org.openqa.selenium.remote.service.DriverCommandExecutor.execute(DriverCommandExecutor.java:174)
at org.openqa.selenium.remote.RemoteWebDriver.execute(RemoteWebDriver.java:557)
at org.openqa.selenium.remote.ElementLocation$ElementFinder$2.findElement(ElementLocation.java:165)
at org.openqa.selenium.remote.ElementLocation.findElement(ElementLocation.java:59)
at org.openqa.selenium.remote.RemoteWebDriver.findElement(RemoteWebDriver.java:380)
at org.openqa.selenium.remote.RemoteWebDriver.findElement(RemoteWebDriver.java:374)
at org.openqa.selenium.support.ui.ExpectedConditions$7.apply(ExpectedConditions.java:194)
at org.openqa.selenium.support.ui.ExpectedConditions$7.apply(ExpectedConditions.java:190)
at org.openqa.selenium.support.ui.FluentWait.until(FluentWait.java:203)
at LambdaTest.AbstractMethods.ReusableMethods.Wait(ReusableMethods.java:22)
at LambdaTest.PageObjects.CartPage.Proceed(CartPage.java:75)
at LambdaTest.LambdaTestPlaygroud.BuyItemsScenarios.CheckOutTC3(BuyItemsScenarios.java:40)
at java.base/jdk.internal.reflect.DirectMethodHandleAccessor.invoke(DirectMethodHandleAccessor.java:103)
at java.base/java.lang.reflect.Method.invoke(Method.java:580)
at org.testng.internal.invokers.MethodInvocationHelper.invokeMethod(MethodInvocationHelper.java:141)
at org.testng.internal.invokers.TestInvoker.invokeMethod(TestInvoker.java:687)
at org.testng.internal.invokers.TestInvoker.invokeTestMethod(TestInvoker.java:230)
at org.testng.internal.invokers.MethodRunner.runInSequence(MethodRunner.java:63)
at org.testng.internal.invokers.TestInvoker$MethodInvocationAgent.invoke(TestInvoker.java:995)
at org.testng.internal.invokers.TestInvoker.invokeTestMethods(TestInvoker.java:203)
at org.testng.internal.invokers.TestMethodWorker.invokeTestMethods(TestMethodWorker.java:154)
at org.testng.internal.invokers.TestMethodWorker.run(TestMethodWorker.java:134)
at java.base/java.util.ArrayList.forEach(ArrayList.java:1597)
at org.testng.TestRunner.privateRun(TestRunner.java:741)
at org.testng.TestRunner.run(TestRunner.java:616)
at org.testng.SuiteRunner.runTest(SuiteRunner.java:421)
at org.testng.SuiteRunner.runSequentially(SuiteRunner.java:413)
at org.testng.SuiteRunner.privateRun(SuiteRunner.java:373)
at org.testng.SuiteRunner.run(SuiteRunner.java:312)
at org.testng.SuiteRunnerWorker.runSuite(SuiteRunnerWorker.java:52)
at org.testng.SuiteRunnerWorker.run(SuiteRunnerWorker.java:95)
at org.testng.TestNG.runSuitesSequentially(TestNG.java:1274)
at org.testng.TestNG.runSuitesLocally(TestNG.java:1208)
at org.testng.TestNG.runSuites(TestNG.java:1112)
at org.testng.TestNG.run(TestNG.java:1079)
at org.testng.remote.AbstractRemoteTestNG.run(AbstractRemoteTestNG.java:115)
at org.testng.remote.RemoteTestNG.initAndRun(RemoteTestNG.java:293)
at org.testng.remote.RemoteTestNG.main(RemoteTestNG.java:91)
]]>
    </failure>
  </testcase> <!-- CheckOutTC3 -->
</testsuite> <!-- Default test -->
