<!DOCTYPE html PUBLIC "-//W3C//DTD XHTML 1.1//EN" "https://www.w3.org/TR/xhtml11/DTD/xhtml11.dtd">
<html xmlns="https://www.w3.org/1999/xhtml">
<head>
<meta http-equiv="content-type" content="text/html; charset=UTF-8"/>
<title>TestNG Report</title>
<style type="text/css">table {margin-bottom:10px;border-collapse:collapse;empty-cells:show}th,td {border:1px solid #009;padding:.25em .5em}th {vertical-align:bottom}td {vertical-align:top}table a {font-weight:bold}.stripe td {background-color: #E6EBF9}.num {text-align:right}.passedodd td {background-color: #3F3}.passedeven td {background-color: #0A0}.skippedodd td {background-color: #DDD}.skippedeven td {background-color: #CCC}.failedodd td,.attn {background-color: #F33}.failedeven td,.stripe .attn {background-color: #D00}.stacktrace {white-space:pre;font-family:monospace}.totop {font-size:85%;text-align:center;border-bottom:2px solid #000}.invisible {display:none}</style>
</head>
<body>
<table>
<tr><th>Test</th><th># Passed</th><th># Skipped</th><th># Retried</th><th># Failed</th><th>Time (ms)</th><th>Included Groups</th><th>Excluded Groups</th></tr>
<tr><th colspan="8">All Scenarios</th></tr>
<tr><td><a href="#t0">Login Test</a></td><td class="num">2</td><td class="num">0</td><td class="num">0</td><td class="num">0</td><td class="num">47,961</td><td></td><td></td></tr>
<tr class="stripe"><td><a href="#t1">Registration Test</a></td><td class="num">1</td><td class="num attn">1</td><td class="num">0</td><td class="num attn">1</td><td class="num">54,304</td><td></td><td></td></tr>
<tr><td><a href="#t2">Dashboard Test</a></td><td class="num">1</td><td class="num">0</td><td class="num">0</td><td class="num attn">2</td><td class="num">71,777</td><td></td><td></td></tr>
<tr class="stripe"><td><a href="#t3">SearchBar Test</a></td><td class="num">3</td><td class="num">0</td><td class="num">0</td><td class="num">0</td><td class="num">74,786</td><td></td><td></td></tr>
<tr><td><a href="#t4">Mega View Items</a></td><td class="num">4</td><td class="num">0</td><td class="num">0</td><td class="num">0</td><td class="num">80,513</td><td></td><td></td></tr>
<tr class="stripe"><td><a href="#t5">Buy Item Test</a></td><td class="num">2</td><td class="num attn">1</td><td class="num">0</td><td class="num attn">1</td><td class="num">41,740</td><td></td><td></td></tr>
<tr><th>Total</th><th class="num">13</th><th class="num attn">2</th><th class="num">0</th><th class="num attn">4</th><th class="num">371,081</th><th colspan="2"></th></tr>
</table>
<table id='summary'><thead><tr><th>Class</th><th>Method</th><th>Start</th><th>Time (ms)</th></tr></thead><tbody><tr><th colspan="4">All Scenarios</th></tr></tbody><tbody id="t0"><tr><th colspan="4">Login Test &#8212; passed</th></tr><tr class="passedeven"><td rowspan="2">LambdaTest.LambdaTestPlaygroud.LoginScenarios</td><td><a href="#m0">LoginWithInvalidCredsTC2</a></td><td rowspan="1">1757267975981</td><td rowspan="1">11130</td></tr><tr class="passedeven"><td><a href="#m1">LoginWithValidCredsTC1</a></td><td rowspan="1">1757267993418</td><td rowspan="1">14700</td></tr></tbody>
<tbody id="t1"><tr><th colspan="4">Registration Test &#8212; failed</th></tr><tr class="failedeven"><td rowspan="1">LambdaTest.LambdaTestPlaygroud.RegisterScenarios</td><td><a href="#m2">EmailAvaiableTC3</a></td><td rowspan="1">1757268001458</td><td rowspan="1">5638</td></tr><tr><th colspan="4">Registration Test &#8212; skipped</th></tr><tr class="skippedeven"><td rowspan="1">LambdaTest.LambdaTestPlaygroud.RegisterScenarios</td><td><a href="#m3">RegisterTC1</a></td><td rowspan="1">1757268021602</td><td rowspan="1">1</td></tr><tr><th colspan="4">Registration Test &#8212; passed</th></tr><tr class="passedeven"><td rowspan="1">LambdaTest.LambdaTestPlaygroud.RegisterScenarios</td><td><a href="#m4">BlankClickTC2</a></td><td rowspan="1">1757267975806</td><td rowspan="1">8577</td></tr></tbody>
<tbody id="t2"><tr><th colspan="4">Dashboard Test &#8212; failed</th></tr><tr class="failedeven"><td rowspan="2">LambdaTest.LambdaTestPlaygroud.DashboardScenarios</td><td><a href="#m5">ChangePassword</a></td><td rowspan="1">1757268017193</td><td rowspan="1">75</td></tr><tr class="failedeven"><td><a href="#m6">EditUserInfo</a></td><td rowspan="1">1757268030425</td><td rowspan="1">3134</td></tr><tr><th colspan="4">Dashboard Test &#8212; passed</th></tr><tr class="passedeven"><td rowspan="1">LambdaTest.LambdaTestPlaygroud.DashboardScenarios</td><td><a href="#m7">Login</a></td><td rowspan="1">1757267976519</td><td rowspan="1">12783</td></tr></tbody>
<tbody id="t3"><tr><th colspan="4">SearchBar Test &#8212; passed</th></tr><tr class="passedeven"><td rowspan="3">LambdaTest.LambdaTestPlaygroud.SearchBarScenarios</td><td><a href="#m8">Login</a></td><td rowspan="1">1757267973516</td><td rowspan="1">14001</td></tr><tr class="passedeven"><td><a href="#m9">SearchUsingFilterTC2</a></td><td rowspan="1">1757268028122</td><td rowspan="1">12917</td></tr><tr class="passedeven"><td><a href="#m10">searchItemsTC1</a></td><td rowspan="1">1757268003232</td><td rowspan="1">13782</td></tr></tbody>
<tbody id="t4"><tr><th colspan="4">Mega View Items &#8212; passed</th></tr><tr class="passedeven"><td rowspan="4">LambdaTest.LambdaTestPlaygroud.MegaMenuViewItems</td><td><a href="#m11">Login</a></td><td rowspan="1">1757267976052</td><td rowspan="1">10574</td></tr><tr class="passedeven"><td><a href="#m12">ViewItems</a></td><td rowspan="3">1757268023478</td><td rowspan="3">3778</td></tr><tr class="passedeven"><td><a href="#m13">ViewItems</a></td></tr><tr class="passedeven"><td><a href="#m14">ViewItems</a></td></tr></tbody>
<tbody id="t5"><tr><th colspan="4">Buy Item Test &#8212; failed</th></tr><tr class="failedeven"><td rowspan="1">LambdaTest.LambdaTestPlaygroud.BuyItemsScenarios</td><td><a href="#m15">AddItemstoCartTC2</a></td><td rowspan="1">1757268058362</td><td rowspan="1">60</td></tr><tr><th colspan="4">Buy Item Test &#8212; skipped</th></tr><tr class="skippedeven"><td rowspan="1">LambdaTest.LambdaTestPlaygroud.BuyItemsScenarios</td><td><a href="#m16">CheckOutTC3</a></td><td rowspan="1">1757268058973</td><td rowspan="1">0</td></tr><tr><th colspan="4">Buy Item Test &#8212; passed</th></tr><tr class="passedeven"><td rowspan="2">LambdaTest.LambdaTestPlaygroud.BuyItemsScenarios</td><td><a href="#m17">Login</a></td><td rowspan="1">1757268024396</td><td rowspan="1">9748</td></tr><tr class="passedeven"><td><a href="#m18">ViewItemsTC1</a></td><td rowspan="1">1757268046715</td><td rowspan="1">3956</td></tr></tbody>
</table>
<h2>Login Test</h2><h3 id="m0">LambdaTest.LambdaTestPlaygroud.LoginScenarios#LoginWithInvalidCredsTC2</h3><table class="result"><tr><th class="invisible"/></tr></table><p class="totop"><a href="#summary">back to summary</a></p>
<h3 id="m1">LambdaTest.LambdaTestPlaygroud.LoginScenarios#LoginWithValidCredsTC1</h3><table class="result"><tr><th class="invisible"/></tr></table><p class="totop"><a href="#summary">back to summary</a></p>
<h2>Registration Test</h2><h3 id="m2">LambdaTest.LambdaTestPlaygroud.RegisterScenarios#EmailAvaiableTC3</h3><table class="result"><tr><th>Exception</th></tr><tr><td><div class="stacktrace">org.openqa.selenium.TimeoutException: Expected condition failed: waiting for visibility of element located by By.id: input-firstname (tried for 5 second(s) with 500 milliseconds interval)
Build info: version: &apos;4.35.0&apos;, revision: &apos;1c58e5028b&apos;
System info: os.name: &apos;Windows 11&apos;, os.arch: &apos;amd64&apos;, os.version: &apos;10.0&apos;, java.version: &apos;17.0.12&apos;
Driver info: org.openqa.selenium.chrome.ChromeDriver
Capabilities {acceptInsecureCerts: false, browserName: chrome, browserVersion: 139.0.7258.155, chrome: {chromedriverVersion: 138.0.7204.49 (d2b48fd5f781..., userDataDir: C:\Users\acer\AppData\Local...}, fedcm:accounts: true, goog:chromeOptions: {debuggerAddress: localhost:52252}, networkConnectionEnabled: false, pageLoadStrategy: normal, platformName: windows, proxy: Proxy(), se:cdp: ws://localhost:52252/devtoo..., se:cdpVersion: 139.0.7258.155, setWindowRect: true, strictFileInteractability: false, timeouts: {implicit: 0, pageLoad: 300000, script: 30000}, unhandledPromptBehavior: dismiss and notify, webauthn:extension:credBlob: true, webauthn:extension:largeBlob: true, webauthn:extension:minPinLength: true, webauthn:extension:prf: true, webauthn:virtualAuthenticators: true}
Session ID: 3b3a873308bb8f83aba40084e8ded07c
	at org.openqa.selenium.support.ui.WebDriverWait.timeoutException(WebDriverWait.java:84)
	at org.openqa.selenium.support.ui.FluentWait.until(FluentWait.java:228)
	at LambdaTest.AbstractMethods.ReusableMethods.Wait(ReusableMethods.java:22)
	at LambdaTest.PageObjects.SignUpPage.EmailAlreadyAvailable(SignUpPage.java:85)
	at LambdaTest.LambdaTestPlaygroud.RegisterScenarios.EmailAvaiableTC3(RegisterScenarios.java:32)
	at java.base/java.util.ArrayList.forEach(ArrayList.java:1511)
	at java.base/java.util.concurrent.FutureTask.run(FutureTask.java:264)
	at java.base/java.util.concurrent.ThreadPoolExecutor.runWorker(ThreadPoolExecutor.java:1136)
	at java.base/java.util.concurrent.ThreadPoolExecutor$Worker.run(ThreadPoolExecutor.java:635)
	at java.base/java.lang.Thread.run(Thread.java:842)
... Removed 17 stack frames</div></td></tr></table><p class="totop"><a href="#summary">back to summary</a></p>
<h3 id="m3">LambdaTest.LambdaTestPlaygroud.RegisterScenarios#RegisterTC1</h3><table class="result"><tr><th>Exception</th></tr><tr><td><div class="stacktrace">java.lang.Throwable: Method LambdaTest.LambdaTestPlaygroud.RegisterScenarios.RegisterTC1() on instance LambdaTest.LambdaTestPlaygroud.RegisterScenarios@31ea9581 depends on not successfully finished methods 
[LambdaTest.LambdaTestPlaygroud.RegisterScenarios.EmailAvaiableTC3() on instance LambdaTest.LambdaTestPlaygroud.RegisterScenarios@31ea9581]
	at java.base/java.util.ArrayList.forEach(ArrayList.java:1511)
	at java.base/java.util.concurrent.FutureTask.run(FutureTask.java:264)
	at java.base/java.util.concurrent.ThreadPoolExecutor.runWorker(ThreadPoolExecutor.java:1136)
	at java.base/java.util.concurrent.ThreadPoolExecutor$Worker.run(ThreadPoolExecutor.java:635)
	at java.base/java.lang.Thread.run(Thread.java:842)
... Removed 8 stack frames</div></td></tr></table><p class="totop"><a href="#summary">back to summary</a></p>
<h3 id="m4">LambdaTest.LambdaTestPlaygroud.RegisterScenarios#BlankClickTC2</h3><table class="result"><tr><th class="invisible"/></tr></table><p class="totop"><a href="#summary">back to summary</a></p>
<h2>Dashboard Test</h2><h3 id="m5">LambdaTest.LambdaTestPlaygroud.DashboardScenarios#ChangePassword</h3><table class="result"><tr><th>Exception</th></tr><tr><td><div class="stacktrace">org.openqa.selenium.NoSuchElementException: no such element: Unable to locate element: {&quot;method&quot;:&quot;xpath&quot;,&quot;selector&quot;:&quot;(//div[@class=&apos;col-6 col-sm-4 col-lg-2_4&apos;])[2]&quot;}
  (Session info: chrome=139.0.7258.155)
For documentation on this error, please visit: https://www.selenium.dev/documentation/webdriver/troubleshooting/errors#no-such-element-exception
Build info: version: &apos;4.35.0&apos;, revision: &apos;1c58e5028b&apos;
System info: os.name: &apos;Windows 11&apos;, os.arch: &apos;amd64&apos;, os.version: &apos;10.0&apos;, java.version: &apos;17.0.12&apos;
Driver info: org.openqa.selenium.chrome.ChromeDriver
Command: [93ff9f3e8cc9755ae99586f2ffbd49be, findElement {using=xpath, value=(//div[@class=&apos;col-6 col-sm-4 col-lg-2_4&apos;])[2]}]
Capabilities {acceptInsecureCerts: false, browserName: chrome, browserVersion: 139.0.7258.155, chrome: {chromedriverVersion: 138.0.7204.49 (d2b48fd5f781..., userDataDir: C:\Users\acer\AppData\Local...}, fedcm:accounts: true, goog:chromeOptions: {debuggerAddress: localhost:51670}, networkConnectionEnabled: false, pageLoadStrategy: normal, platformName: windows, proxy: Proxy(), se:cdp: ws://localhost:51670/devtoo..., se:cdpVersion: 139.0.7258.155, setWindowRect: true, strictFileInteractability: false, timeouts: {implicit: 0, pageLoad: 300000, script: 30000}, unhandledPromptBehavior: dismiss and notify, webauthn:extension:credBlob: true, webauthn:extension:largeBlob: true, webauthn:extension:minPinLength: true, webauthn:extension:prf: true, webauthn:virtualAuthenticators: true}
Session ID: 93ff9f3e8cc9755ae99586f2ffbd49be
	at org.openqa.selenium.remote.ErrorCodec.decode(ErrorCodec.java:167)
	at org.openqa.selenium.remote.codec.w3c.W3CHttpResponseCodec.decode(W3CHttpResponseCodec.java:138)
	at org.openqa.selenium.remote.codec.w3c.W3CHttpResponseCodec.decode(W3CHttpResponseCodec.java:50)
	at org.openqa.selenium.remote.HttpCommandExecutor.execute(HttpCommandExecutor.java:215)
	at org.openqa.selenium.remote.service.DriverCommandExecutor.invokeExecute(DriverCommandExecutor.java:216)
	at org.openqa.selenium.remote.service.DriverCommandExecutor.execute(DriverCommandExecutor.java:174)
	at org.openqa.selenium.remote.RemoteWebDriver.execute(RemoteWebDriver.java:557)
	at org.openqa.selenium.remote.ElementLocation$ElementFinder$2.findElement(ElementLocation.java:165)
	at org.openqa.selenium.remote.ElementLocation.findElement(ElementLocation.java:59)
	at org.openqa.selenium.remote.RemoteWebDriver.findElement(RemoteWebDriver.java:380)
	at org.openqa.selenium.remote.RemoteWebDriver.findElement(RemoteWebDriver.java:374)
	at org.openqa.selenium.support.pagefactory.DefaultElementLocator.findElement(DefaultElementLocator.java:68)
	at org.openqa.selenium.support.pagefactory.internal.LocatingElementHandler.invoke(LocatingElementHandler.java:38)
	at jdk.proxy2/jdk.proxy2.$Proxy12.click(Unknown Source)
	at LambdaTest.PageObjects.DashboardPage.ChangePass(DashboardPage.java:39)
	at LambdaTest.LambdaTestPlaygroud.DashboardScenarios.ChangePassword(DashboardScenarios.java:33)
	at java.base/java.util.ArrayList.forEach(ArrayList.java:1511)
	at java.base/java.util.concurrent.FutureTask.run(FutureTask.java:264)
	at java.base/java.util.concurrent.ThreadPoolExecutor.runWorker(ThreadPoolExecutor.java:1136)
	at java.base/java.util.concurrent.ThreadPoolExecutor$Worker.run(ThreadPoolExecutor.java:635)
	at java.base/java.lang.Thread.run(Thread.java:842)
... Removed 22 stack frames</div></td></tr></table><p class="totop"><a href="#summary">back to summary</a></p>
<h3 id="m6">LambdaTest.LambdaTestPlaygroud.DashboardScenarios#EditUserInfo</h3><table class="result"><tr><th>Exception</th></tr><tr><td><div class="stacktrace">org.openqa.selenium.NoSuchElementException: no such element: Unable to locate element: {&quot;method&quot;:&quot;xpath&quot;,&quot;selector&quot;:&quot;(//div[@class=&apos;col-6 col-sm-4 col-lg-2_4&apos;])[1]&quot;}
  (Session info: chrome=139.0.7258.155)
For documentation on this error, please visit: https://www.selenium.dev/documentation/webdriver/troubleshooting/errors#no-such-element-exception
Build info: version: &apos;4.35.0&apos;, revision: &apos;1c58e5028b&apos;
System info: os.name: &apos;Windows 11&apos;, os.arch: &apos;amd64&apos;, os.version: &apos;10.0&apos;, java.version: &apos;17.0.12&apos;
Driver info: org.openqa.selenium.chrome.ChromeDriver
Command: [c289c5dfe8d3c16fc1b0a413de12bdd6, findElement {using=xpath, value=(//div[@class=&apos;col-6 col-sm-4 col-lg-2_4&apos;])[1]}]
Capabilities {acceptInsecureCerts: false, browserName: chrome, browserVersion: 139.0.7258.155, chrome: {chromedriverVersion: 138.0.7204.49 (d2b48fd5f781..., userDataDir: C:\Users\acer\AppData\Local...}, fedcm:accounts: true, goog:chromeOptions: {debuggerAddress: localhost:61295}, networkConnectionEnabled: false, pageLoadStrategy: normal, platformName: windows, proxy: Proxy(), se:cdp: ws://localhost:61295/devtoo..., se:cdpVersion: 139.0.7258.155, setWindowRect: true, strictFileInteractability: false, timeouts: {implicit: 0, pageLoad: 300000, script: 30000}, unhandledPromptBehavior: dismiss and notify, webauthn:extension:credBlob: true, webauthn:extension:largeBlob: true, webauthn:extension:minPinLength: true, webauthn:extension:prf: true, webauthn:virtualAuthenticators: true}
Session ID: c289c5dfe8d3c16fc1b0a413de12bdd6
	at org.openqa.selenium.remote.ErrorCodec.decode(ErrorCodec.java:167)
	at org.openqa.selenium.remote.codec.w3c.W3CHttpResponseCodec.decode(W3CHttpResponseCodec.java:138)
	at org.openqa.selenium.remote.codec.w3c.W3CHttpResponseCodec.decode(W3CHttpResponseCodec.java:50)
	at org.openqa.selenium.remote.HttpCommandExecutor.execute(HttpCommandExecutor.java:215)
	at org.openqa.selenium.remote.service.DriverCommandExecutor.invokeExecute(DriverCommandExecutor.java:216)
	at org.openqa.selenium.remote.service.DriverCommandExecutor.execute(DriverCommandExecutor.java:174)
	at org.openqa.selenium.remote.RemoteWebDriver.execute(RemoteWebDriver.java:557)
	at org.openqa.selenium.remote.ElementLocation$ElementFinder$2.findElement(ElementLocation.java:165)
	at org.openqa.selenium.remote.ElementLocation.findElement(ElementLocation.java:59)
	at org.openqa.selenium.remote.RemoteWebDriver.findElement(RemoteWebDriver.java:380)
	at org.openqa.selenium.remote.RemoteWebDriver.findElement(RemoteWebDriver.java:374)
	at org.openqa.selenium.support.pagefactory.DefaultElementLocator.findElement(DefaultElementLocator.java:68)
	at org.openqa.selenium.support.pagefactory.internal.LocatingElementHandler.invoke(LocatingElementHandler.java:38)
	at jdk.proxy2/jdk.proxy2.$Proxy12.click(Unknown Source)
	at LambdaTest.PageObjects.DashboardPage.EditInfo(DashboardPage.java:31)
	at LambdaTest.LambdaTestPlaygroud.DashboardScenarios.EditUserInfo(DashboardScenarios.java:24)
	at java.base/java.util.ArrayList.forEach(ArrayList.java:1511)
	at java.base/java.util.concurrent.FutureTask.run(FutureTask.java:264)
	at java.base/java.util.concurrent.ThreadPoolExecutor.runWorker(ThreadPoolExecutor.java:1136)
	at java.base/java.util.concurrent.ThreadPoolExecutor$Worker.run(ThreadPoolExecutor.java:635)
	at java.base/java.lang.Thread.run(Thread.java:842)
... Removed 22 stack frames</div></td></tr></table><p class="totop"><a href="#summary">back to summary</a></p>
<h3 id="m7">LambdaTest.LambdaTestPlaygroud.DashboardScenarios#Login</h3><table class="result"><tr><th class="invisible"/></tr></table><p class="totop"><a href="#summary">back to summary</a></p>
<h2>SearchBar Test</h2><h3 id="m8">LambdaTest.LambdaTestPlaygroud.SearchBarScenarios#Login</h3><table class="result"><tr><th class="invisible"/></tr></table><p class="totop"><a href="#summary">back to summary</a></p>
<h3 id="m9">LambdaTest.LambdaTestPlaygroud.SearchBarScenarios#SearchUsingFilterTC2</h3><table class="result"><tr><th class="invisible"/></tr></table><p class="totop"><a href="#summary">back to summary</a></p>
<h3 id="m10">LambdaTest.LambdaTestPlaygroud.SearchBarScenarios#searchItemsTC1</h3><table class="result"><tr><th class="invisible"/></tr></table><p class="totop"><a href="#summary">back to summary</a></p>
<h2>Mega View Items</h2><h3 id="m11">LambdaTest.LambdaTestPlaygroud.MegaMenuViewItems#Login</h3><table class="result"><tr><th class="invisible"/></tr></table><p class="totop"><a href="#summary">back to summary</a></p>
<h3 id="m12">LambdaTest.LambdaTestPlaygroud.MegaMenuViewItems#ViewItems</h3><table class="result"><tr class="param"><th>Parameter #1</th></tr><tr class="param stripe"><td>{Item=HTC}</td></tr></table><p class="totop"><a href="#summary">back to summary</a></p>
<h3 id="m13">LambdaTest.LambdaTestPlaygroud.MegaMenuViewItems#ViewItems</h3><table class="result"><tr class="param"><th>Parameter #1</th></tr><tr class="param stripe"><td>{Item=Headphones}</td></tr></table><p class="totop"><a href="#summary">back to summary</a></p>
<h3 id="m14">LambdaTest.LambdaTestPlaygroud.MegaMenuViewItems#ViewItems</h3><table class="result"><tr class="param"><th>Parameter #1</th></tr><tr class="param stripe"><td>{Item=Apple}</td></tr></table><p class="totop"><a href="#summary">back to summary</a></p>
<h2>Buy Item Test</h2><h3 id="m15">LambdaTest.LambdaTestPlaygroud.BuyItemsScenarios#AddItemstoCartTC2</h3><table class="result"><tr><th>Exception</th></tr><tr><td><div class="stacktrace">org.openqa.selenium.ElementNotInteractableException: element not interactable
  (Session info: chrome=139.0.7258.155)
Build info: version: &apos;4.35.0&apos;, revision: &apos;1c58e5028b&apos;
System info: os.name: &apos;Windows 11&apos;, os.arch: &apos;amd64&apos;, os.version: &apos;10.0&apos;, java.version: &apos;17.0.12&apos;
Driver info: org.openqa.selenium.chrome.ChromeDriver
Command: [0d9196d67d58f032196fab0ba376ddcc, clickElement {id=f.90469D2A785E16D73071D0470EFEB0F0.d.A38804B65060D9CE849EB632FEE19C62.e.38}]
Capabilities {acceptInsecureCerts: false, browserName: chrome, browserVersion: 139.0.7258.155, chrome: {chromedriverVersion: 138.0.7204.49 (d2b48fd5f781..., userDataDir: C:\Users\acer\AppData\Local...}, fedcm:accounts: true, goog:chromeOptions: {debuggerAddress: localhost:51589}, networkConnectionEnabled: false, pageLoadStrategy: normal, platformName: windows, proxy: Proxy(), se:cdp: ws://localhost:51589/devtoo..., se:cdpVersion: 139.0.7258.155, setWindowRect: true, strictFileInteractability: false, timeouts: {implicit: 0, pageLoad: 300000, script: 30000}, unhandledPromptBehavior: dismiss and notify, webauthn:extension:credBlob: true, webauthn:extension:largeBlob: true, webauthn:extension:minPinLength: true, webauthn:extension:prf: true, webauthn:virtualAuthenticators: true}
Element: [[ChromeDriver: chrome on windows (0d9196d67d58f032196fab0ba376ddcc)] -&gt; xpath: (//a[text()=&apos;iPod Nano&apos;])[2]]
Session ID: 0d9196d67d58f032196fab0ba376ddcc
	at org.openqa.selenium.remote.ErrorCodec.decode(ErrorCodec.java:167)
	at org.openqa.selenium.remote.codec.w3c.W3CHttpResponseCodec.decode(W3CHttpResponseCodec.java:138)
	at org.openqa.selenium.remote.codec.w3c.W3CHttpResponseCodec.decode(W3CHttpResponseCodec.java:50)
	at org.openqa.selenium.remote.HttpCommandExecutor.execute(HttpCommandExecutor.java:215)
	at org.openqa.selenium.remote.service.DriverCommandExecutor.invokeExecute(DriverCommandExecutor.java:216)
	at org.openqa.selenium.remote.service.DriverCommandExecutor.execute(DriverCommandExecutor.java:174)
	at org.openqa.selenium.remote.RemoteWebDriver.execute(RemoteWebDriver.java:557)
	at org.openqa.selenium.remote.RemoteWebElement.execute(RemoteWebElement.java:223)
	at org.openqa.selenium.remote.RemoteWebElement.click(RemoteWebElement.java:76)
	at LambdaTest.PageObjects.CartPage.cartItem(CartPage.java:55)
	at LambdaTest.LambdaTestPlaygroud.BuyItemsScenarios.AddItemstoCartTC2(BuyItemsScenarios.java:31)
	at java.base/java.util.ArrayList.forEach(ArrayList.java:1511)
	at java.base/java.util.concurrent.FutureTask.run(FutureTask.java:264)
	at java.base/java.util.concurrent.ThreadPoolExecutor.runWorker(ThreadPoolExecutor.java:1136)
	at java.base/java.util.concurrent.ThreadPoolExecutor$Worker.run(ThreadPoolExecutor.java:635)
	at java.base/java.lang.Thread.run(Thread.java:842)
... Removed 22 stack frames</div></td></tr></table><p class="totop"><a href="#summary">back to summary</a></p>
<h3 id="m16">LambdaTest.LambdaTestPlaygroud.BuyItemsScenarios#CheckOutTC3</h3><table class="result"><tr><th>Exception</th></tr><tr><td><div class="stacktrace">java.lang.Throwable: Method LambdaTest.LambdaTestPlaygroud.BuyItemsScenarios.CheckOutTC3() on instance LambdaTest.LambdaTestPlaygroud.BuyItemsScenarios@2f953efd depends on not successfully finished methods 
[LambdaTest.LambdaTestPlaygroud.BuyItemsScenarios.AddItemstoCartTC2() on instance LambdaTest.LambdaTestPlaygroud.BuyItemsScenarios@2f953efd]
	at java.base/java.util.ArrayList.forEach(ArrayList.java:1511)
	at java.base/java.util.concurrent.FutureTask.run(FutureTask.java:264)
	at java.base/java.util.concurrent.ThreadPoolExecutor.runWorker(ThreadPoolExecutor.java:1136)
	at java.base/java.util.concurrent.ThreadPoolExecutor$Worker.run(ThreadPoolExecutor.java:635)
	at java.base/java.lang.Thread.run(Thread.java:842)
... Removed 8 stack frames</div></td></tr></table><p class="totop"><a href="#summary">back to summary</a></p>
<h3 id="m17">LambdaTest.LambdaTestPlaygroud.BuyItemsScenarios#Login</h3><table class="result"><tr><th class="invisible"/></tr></table><p class="totop"><a href="#summary">back to summary</a></p>
<h3 id="m18">LambdaTest.LambdaTestPlaygroud.BuyItemsScenarios#ViewItemsTC1</h3><table class="result"><tr><th class="invisible"/></tr></table><p class="totop"><a href="#summary">back to summary</a></p>
</body>
</html>
