<?xml version="1.0" encoding="UTF-8"?>
<testng-results ignored="0" total="19" passed="13" failed="4" skipped="2">
  <reporter-output>
  </reporter-output>
  <suite started-at="2025-09-07T23:29:27 IST" name="All Scenarios" finished-at="2025-09-07T23:30:58 IST" duration-ms="91675">
    <groups>
      <group name="SanityTest">
        <method signature="RegisterScenarios.BlankClickTC2()[pri:0, instance:LambdaTest.LambdaTestPlaygroud.RegisterScenarios@31ea9581]" name="BlankClickTC2" class="LambdaTest.LambdaTestPlaygroud.RegisterScenarios"/>
        <method signature="RegisterScenarios.EmailAvaiableTC3()[pri:0, instance:LambdaTest.LambdaTestPlaygroud.RegisterScenarios@31ea9581]" name="EmailAvaiableTC3" class="LambdaTest.LambdaTestPlaygroud.RegisterScenarios"/>
        <method signature="RegisterScenarios.RegisterTC1()[pri:0, instance:LambdaTest.LambdaTestPlaygroud.RegisterScenarios@31ea9581]" name="RegisterTC1" class="LambdaTest.LambdaTestPlaygroud.RegisterScenarios"/>
        <method signature="LoginScenarios.LoginWithValidCredsTC1()[pri:0, instance:LambdaTest.LambdaTestPlaygroud.LoginScenarios@aba625]" name="LoginWithValidCredsTC1" class="LambdaTest.LambdaTestPlaygroud.LoginScenarios"/>
      </group> <!-- SanityTest -->
    </groups>
    <test started-at="2025-09-07T23:29:27 IST" name="Login Test" finished-at="2025-09-07T23:30:15 IST" duration-ms="47961">
      <class name="LambdaTest.LambdaTestPlaygroud.LoginScenarios">
        <test-method is-config="true" signature="LaunchLambdaApplication()[pri:0, instance:LambdaTest.LambdaTestPlaygroud.LoginScenarios@aba625]" started-at="2025-09-07T23:29:27 IST" name="LaunchLambdaApplication" finished-at="2025-09-07T23:29:35 IST" duration-ms="8582" status="PASS">
          <reporter-output>
          </reporter-output>
        </test-method> <!-- LaunchLambdaApplication -->
        <test-method signature="LoginWithInvalidCredsTC2()[pri:0, instance:LambdaTest.LambdaTestPlaygroud.LoginScenarios@aba625]" started-at="2025-09-07T23:29:35 IST" name="LoginWithInvalidCredsTC2" finished-at="2025-09-07T23:29:47 IST" duration-ms="11130" status="PASS">
          <reporter-output>
          </reporter-output>
        </test-method> <!-- LoginWithInvalidCredsTC2 -->
        <test-method is-config="true" signature="TearDown()[pri:0, instance:LambdaTest.LambdaTestPlaygroud.LoginScenarios@aba625]" started-at="2025-09-07T23:29:47 IST" name="TearDown" finished-at="2025-09-07T23:29:49 IST" duration-ms="2721" status="PASS">
          <reporter-output>
          </reporter-output>
        </test-method> <!-- TearDown -->
        <test-method is-config="true" signature="LaunchLambdaApplication()[pri:0, instance:LambdaTest.LambdaTestPlaygroud.LoginScenarios@aba625]" started-at="2025-09-07T23:29:49 IST" name="LaunchLambdaApplication" finished-at="2025-09-07T23:29:53 IST" duration-ms="3577" status="PASS">
          <reporter-output>
          </reporter-output>
        </test-method> <!-- LaunchLambdaApplication -->
        <test-method signature="LoginWithValidCredsTC1()[pri:0, instance:LambdaTest.LambdaTestPlaygroud.LoginScenarios@aba625]" started-at="2025-09-07T23:29:53 IST" name="LoginWithValidCredsTC1" finished-at="2025-09-07T23:30:08 IST" duration-ms="14700" status="PASS">
          <reporter-output>
          </reporter-output>
        </test-method> <!-- LoginWithValidCredsTC1 -->
        <test-method is-config="true" signature="TearDown()[pri:0, instance:LambdaTest.LambdaTestPlaygroud.LoginScenarios@aba625]" started-at="2025-09-07T23:30:08 IST" name="TearDown" finished-at="2025-09-07T23:30:15 IST" duration-ms="7138" status="PASS">
          <reporter-output>
          </reporter-output>
        </test-method> <!-- TearDown -->
      </class> <!-- LambdaTest.LambdaTestPlaygroud.LoginScenarios -->
    </test> <!-- Login Test -->
    <test started-at="2025-09-07T23:29:27 IST" name="Registration Test" finished-at="2025-09-07T23:30:21 IST" duration-ms="54304">
      <class name="LambdaTest.LambdaTestPlaygroud.RegisterScenarios">
        <test-method is-config="true" signature="LaunchLambdaApplication()[pri:0, instance:LambdaTest.LambdaTestPlaygroud.RegisterScenarios@31ea9581]" started-at="2025-09-07T23:29:27 IST" name="LaunchLambdaApplication" finished-at="2025-09-07T23:29:35 IST" duration-ms="8405" status="PASS">
          <reporter-output>
          </reporter-output>
        </test-method> <!-- LaunchLambdaApplication -->
        <test-method signature="BlankClickTC2()[pri:0, instance:LambdaTest.LambdaTestPlaygroud.RegisterScenarios@31ea9581]" started-at="2025-09-07T23:29:35 IST" name="BlankClickTC2" finished-at="2025-09-07T23:29:44 IST" duration-ms="8577" status="PASS">
          <reporter-output>
          </reporter-output>
        </test-method> <!-- BlankClickTC2 -->
        <test-method is-config="true" signature="TearDown()[pri:0, instance:LambdaTest.LambdaTestPlaygroud.RegisterScenarios@31ea9581]" started-at="2025-09-07T23:29:44 IST" name="TearDown" finished-at="2025-09-07T23:29:49 IST" duration-ms="5159" status="PASS">
          <reporter-output>
          </reporter-output>
        </test-method> <!-- TearDown -->
        <test-method is-config="true" signature="LaunchLambdaApplication()[pri:0, instance:LambdaTest.LambdaTestPlaygroud.RegisterScenarios@31ea9581]" started-at="2025-09-07T23:29:49 IST" name="LaunchLambdaApplication" finished-at="2025-09-07T23:30:01 IST" duration-ms="11852" status="PASS">
          <reporter-output>
          </reporter-output>
        </test-method> <!-- LaunchLambdaApplication -->
        <test-method signature="EmailAvaiableTC3()[pri:0, instance:LambdaTest.LambdaTestPlaygroud.RegisterScenarios@31ea9581]" started-at="2025-09-07T23:30:01 IST" name="EmailAvaiableTC3" finished-at="2025-09-07T23:30:07 IST" depends-on-methods="LambdaTest.LambdaTestPlaygroud.RegisterScenarios.BlankClickTC2" duration-ms="5638" status="FAIL">
          <exception class="org.openqa.selenium.TimeoutException">
            <message>
              <![CDATA[Expected condition failed: waiting for visibility of element located by By.id: input-firstname (tried for 5 second(s) with 500 milliseconds interval)
Build info: version: '4.35.0', revision: '1c58e5028b'
System info: os.name: 'Windows 11', os.arch: 'amd64', os.version: '10.0', java.version: '17.0.12'
Driver info: org.openqa.selenium.chrome.ChromeDriver
Capabilities {acceptInsecureCerts: false, browserName: chrome, browserVersion: 139.0.7258.155, chrome: {chromedriverVersion: 138.0.7204.49 (d2b48fd5f781..., userDataDir: C:\Users\acer\AppData\Local...}, fedcm:accounts: true, goog:chromeOptions: {debuggerAddress: localhost:52252}, networkConnectionEnabled: false, pageLoadStrategy: normal, platformName: windows, proxy: Proxy(), se:cdp: ws://localhost:52252/devtoo..., se:cdpVersion: 139.0.7258.155, setWindowRect: true, strictFileInteractability: false, timeouts: {implicit: 0, pageLoad: 300000, script: 30000}, unhandledPromptBehavior: dismiss and notify, webauthn:extension:credBlob: true, webauthn:extension:largeBlob: true, webauthn:extension:minPinLength: true, webauthn:extension:prf: true, webauthn:virtualAuthenticators: true}
Session ID: 3b3a873308bb8f83aba40084e8ded07c]]>
            </message>
            <full-stacktrace>
              <![CDATA[org.openqa.selenium.TimeoutException: Expected condition failed: waiting for visibility of element located by By.id: input-firstname (tried for 5 second(s) with 500 milliseconds interval)
Build info: version: '4.35.0', revision: '1c58e5028b'
System info: os.name: 'Windows 11', os.arch: 'amd64', os.version: '10.0', java.version: '17.0.12'
Driver info: org.openqa.selenium.chrome.ChromeDriver
Capabilities {acceptInsecureCerts: false, browserName: chrome, browserVersion: 139.0.7258.155, chrome: {chromedriverVersion: 138.0.7204.49 (d2b48fd5f781..., userDataDir: C:\Users\acer\AppData\Local...}, fedcm:accounts: true, goog:chromeOptions: {debuggerAddress: localhost:52252}, networkConnectionEnabled: false, pageLoadStrategy: normal, platformName: windows, proxy: Proxy(), se:cdp: ws://localhost:52252/devtoo..., se:cdpVersion: 139.0.7258.155, setWindowRect: true, strictFileInteractability: false, timeouts: {implicit: 0, pageLoad: 300000, script: 30000}, unhandledPromptBehavior: dismiss and notify, webauthn:extension:credBlob: true, webauthn:extension:largeBlob: true, webauthn:extension:minPinLength: true, webauthn:extension:prf: true, webauthn:virtualAuthenticators: true}
Session ID: 3b3a873308bb8f83aba40084e8ded07c
at org.openqa.selenium.support.ui.WebDriverWait.timeoutException(WebDriverWait.java:84)
at org.openqa.selenium.support.ui.FluentWait.until(FluentWait.java:228)
at LambdaTest.AbstractMethods.ReusableMethods.Wait(ReusableMethods.java:22)
at LambdaTest.PageObjects.SignUpPage.EmailAlreadyAvailable(SignUpPage.java:85)
at LambdaTest.LambdaTestPlaygroud.RegisterScenarios.EmailAvaiableTC3(RegisterScenarios.java:32)
at java.base/jdk.internal.reflect.NativeMethodAccessorImpl.invoke0(Native Method)
at java.base/jdk.internal.reflect.NativeMethodAccessorImpl.invoke(NativeMethodAccessorImpl.java:77)
at java.base/jdk.internal.reflect.DelegatingMethodAccessorImpl.invoke(DelegatingMethodAccessorImpl.java:43)
at java.base/java.lang.reflect.Method.invoke(Method.java:568)
at org.testng.internal.invokers.MethodInvocationHelper.invokeMethod(MethodInvocationHelper.java:141)
at org.testng.internal.invokers.TestInvoker.invokeMethod(TestInvoker.java:687)
at org.testng.internal.invokers.TestInvoker.invokeTestMethod(TestInvoker.java:230)
at org.testng.internal.invokers.MethodRunner.runInSequence(MethodRunner.java:63)
at org.testng.internal.invokers.TestInvoker$MethodInvocationAgent.invoke(TestInvoker.java:995)
at org.testng.internal.invokers.TestInvoker.invokeTestMethods(TestInvoker.java:203)
at org.testng.internal.invokers.TestMethodWorker.invokeTestMethods(TestMethodWorker.java:154)
at org.testng.internal.invokers.TestMethodWorker.run(TestMethodWorker.java:134)
at java.base/java.util.ArrayList.forEach(ArrayList.java:1511)
at org.testng.TestRunner.privateRun(TestRunner.java:741)
at org.testng.TestRunner.run(TestRunner.java:616)
at org.testng.SuiteRunner.runTest(SuiteRunner.java:421)
at org.testng.SuiteRunner$SuiteWorker.run(SuiteRunner.java:463)
at org.testng.internal.thread.ThreadUtil.lambda$execute$0(ThreadUtil.java:64)
at java.base/java.util.concurrent.FutureTask.run(FutureTask.java:264)
at java.base/java.util.concurrent.ThreadPoolExecutor.runWorker(ThreadPoolExecutor.java:1136)
at java.base/java.util.concurrent.ThreadPoolExecutor$Worker.run(ThreadPoolExecutor.java:635)
at java.base/java.lang.Thread.run(Thread.java:842)
]]>
            </full-stacktrace>
          </exception> <!-- org.openqa.selenium.TimeoutException -->
          <reporter-output>
          </reporter-output>
        </test-method> <!-- EmailAvaiableTC3 -->
        <test-method is-config="true" signature="TearDown()[pri:0, instance:LambdaTest.LambdaTestPlaygroud.RegisterScenarios@31ea9581]" started-at="2025-09-07T23:30:08 IST" name="TearDown" finished-at="2025-09-07T23:30:21 IST" duration-ms="12628" status="PASS">
          <reporter-output>
          </reporter-output>
        </test-method> <!-- TearDown -->
        <test-method signature="RegisterTC1()[pri:0, instance:LambdaTest.LambdaTestPlaygroud.RegisterScenarios@31ea9581]" started-at="2025-09-07T23:30:21 IST" name="RegisterTC1" finished-at="2025-09-07T23:30:21 IST" depends-on-methods="LambdaTest.LambdaTestPlaygroud.RegisterScenarios.EmailAvaiableTC3" duration-ms="1" status="SKIP">
          <exception class="java.lang.Throwable">
            <message>
              <![CDATA[Method LambdaTest.LambdaTestPlaygroud.RegisterScenarios.RegisterTC1() on instance LambdaTest.LambdaTestPlaygroud.RegisterScenarios@31ea9581 depends on not successfully finished methods 
[LambdaTest.LambdaTestPlaygroud.RegisterScenarios.EmailAvaiableTC3() on instance LambdaTest.LambdaTestPlaygroud.RegisterScenarios@31ea9581]]]>
            </message>
            <full-stacktrace>
              <![CDATA[java.lang.Throwable: Method LambdaTest.LambdaTestPlaygroud.RegisterScenarios.RegisterTC1() on instance LambdaTest.LambdaTestPlaygroud.RegisterScenarios@31ea9581 depends on not successfully finished methods 
[LambdaTest.LambdaTestPlaygroud.RegisterScenarios.EmailAvaiableTC3() on instance LambdaTest.LambdaTestPlaygroud.RegisterScenarios@31ea9581]
at org.testng.internal.invokers.TestInvoker.invokeTestMethods(TestInvoker.java:159)
at org.testng.internal.invokers.TestMethodWorker.invokeTestMethods(TestMethodWorker.java:154)
at org.testng.internal.invokers.TestMethodWorker.run(TestMethodWorker.java:134)
at java.base/java.util.ArrayList.forEach(ArrayList.java:1511)
at org.testng.TestRunner.privateRun(TestRunner.java:741)
at org.testng.TestRunner.run(TestRunner.java:616)
at org.testng.SuiteRunner.runTest(SuiteRunner.java:421)
at org.testng.SuiteRunner$SuiteWorker.run(SuiteRunner.java:463)
at org.testng.internal.thread.ThreadUtil.lambda$execute$0(ThreadUtil.java:64)
at java.base/java.util.concurrent.FutureTask.run(FutureTask.java:264)
at java.base/java.util.concurrent.ThreadPoolExecutor.runWorker(ThreadPoolExecutor.java:1136)
at java.base/java.util.concurrent.ThreadPoolExecutor$Worker.run(ThreadPoolExecutor.java:635)
at java.base/java.lang.Thread.run(Thread.java:842)
]]>
            </full-stacktrace>
          </exception> <!-- java.lang.Throwable -->
          <reporter-output>
          </reporter-output>
        </test-method> <!-- RegisterTC1 -->
      </class> <!-- LambdaTest.LambdaTestPlaygroud.RegisterScenarios -->
    </test> <!-- Registration Test -->
    <test started-at="2025-09-07T23:29:27 IST" name="Dashboard Test" finished-at="2025-09-07T23:30:39 IST" duration-ms="71777">
      <class name="LambdaTest.LambdaTestPlaygroud.DashboardScenarios">
        <test-method is-config="true" signature="LaunchLambdaApplication()[pri:0, instance:LambdaTest.LambdaTestPlaygroud.DashboardScenarios@4f0f2942]" started-at="2025-09-07T23:29:27 IST" name="LaunchLambdaApplication" finished-at="2025-09-07T23:29:36 IST" duration-ms="9119" status="PASS">
          <reporter-output>
          </reporter-output>
        </test-method> <!-- LaunchLambdaApplication -->
        <test-method signature="Login()[pri:0, instance:LambdaTest.LambdaTestPlaygroud.DashboardScenarios@4f0f2942]" started-at="2025-09-07T23:29:36 IST" name="Login" finished-at="2025-09-07T23:29:49 IST" duration-ms="12783" status="PASS">
          <reporter-output>
          </reporter-output>
        </test-method> <!-- Login -->
        <test-method is-config="true" signature="TearDown()[pri:0, instance:LambdaTest.LambdaTestPlaygroud.DashboardScenarios@4f0f2942]" started-at="2025-09-07T23:29:49 IST" name="TearDown" finished-at="2025-09-07T23:29:59 IST" duration-ms="10538" status="PASS">
          <reporter-output>
          </reporter-output>
        </test-method> <!-- TearDown -->
        <test-method is-config="true" signature="LaunchLambdaApplication()[pri:0, instance:LambdaTest.LambdaTestPlaygroud.DashboardScenarios@4f0f2942]" started-at="2025-09-07T23:29:59 IST" name="LaunchLambdaApplication" finished-at="2025-09-07T23:30:17 IST" duration-ms="17345" status="PASS">
          <reporter-output>
          </reporter-output>
        </test-method> <!-- LaunchLambdaApplication -->
        <test-method signature="ChangePassword()[pri:0, instance:LambdaTest.LambdaTestPlaygroud.DashboardScenarios@4f0f2942]" started-at="2025-09-07T23:30:17 IST" name="ChangePassword" finished-at="2025-09-07T23:30:17 IST" depends-on-methods="LambdaTest.LambdaTestPlaygroud.DashboardScenarios.Login" duration-ms="75" status="FAIL">
          <exception class="org.openqa.selenium.NoSuchElementException">
            <message>
              <![CDATA[no such element: Unable to locate element: {"method":"xpath","selector":"(//div[@class='col-6 col-sm-4 col-lg-2_4'])[2]"}
  (Session info: chrome=139.0.7258.155)
For documentation on this error, please visit: https://www.selenium.dev/documentation/webdriver/troubleshooting/errors#no-such-element-exception
Build info: version: '4.35.0', revision: '1c58e5028b'
System info: os.name: 'Windows 11', os.arch: 'amd64', os.version: '10.0', java.version: '17.0.12'
Driver info: org.openqa.selenium.chrome.ChromeDriver
Command: [93ff9f3e8cc9755ae99586f2ffbd49be, findElement {using=xpath, value=(//div[@class='col-6 col-sm-4 col-lg-2_4'])[2]}]
Capabilities {acceptInsecureCerts: false, browserName: chrome, browserVersion: 139.0.7258.155, chrome: {chromedriverVersion: 138.0.7204.49 (d2b48fd5f781..., userDataDir: C:\Users\acer\AppData\Local...}, fedcm:accounts: true, goog:chromeOptions: {debuggerAddress: localhost:51670}, networkConnectionEnabled: false, pageLoadStrategy: normal, platformName: windows, proxy: Proxy(), se:cdp: ws://localhost:51670/devtoo..., se:cdpVersion: 139.0.7258.155, setWindowRect: true, strictFileInteractability: false, timeouts: {implicit: 0, pageLoad: 300000, script: 30000}, unhandledPromptBehavior: dismiss and notify, webauthn:extension:credBlob: true, webauthn:extension:largeBlob: true, webauthn:extension:minPinLength: true, webauthn:extension:prf: true, webauthn:virtualAuthenticators: true}
Session ID: 93ff9f3e8cc9755ae99586f2ffbd49be]]>
            </message>
            <full-stacktrace>
              <![CDATA[org.openqa.selenium.NoSuchElementException: no such element: Unable to locate element: {"method":"xpath","selector":"(//div[@class='col-6 col-sm-4 col-lg-2_4'])[2]"}
  (Session info: chrome=139.0.7258.155)
For documentation on this error, please visit: https://www.selenium.dev/documentation/webdriver/troubleshooting/errors#no-such-element-exception
Build info: version: '4.35.0', revision: '1c58e5028b'
System info: os.name: 'Windows 11', os.arch: 'amd64', os.version: '10.0', java.version: '17.0.12'
Driver info: org.openqa.selenium.chrome.ChromeDriver
Command: [93ff9f3e8cc9755ae99586f2ffbd49be, findElement {using=xpath, value=(//div[@class='col-6 col-sm-4 col-lg-2_4'])[2]}]
Capabilities {acceptInsecureCerts: false, browserName: chrome, browserVersion: 139.0.7258.155, chrome: {chromedriverVersion: 138.0.7204.49 (d2b48fd5f781..., userDataDir: C:\Users\acer\AppData\Local...}, fedcm:accounts: true, goog:chromeOptions: {debuggerAddress: localhost:51670}, networkConnectionEnabled: false, pageLoadStrategy: normal, platformName: windows, proxy: Proxy(), se:cdp: ws://localhost:51670/devtoo..., se:cdpVersion: 139.0.7258.155, setWindowRect: true, strictFileInteractability: false, timeouts: {implicit: 0, pageLoad: 300000, script: 30000}, unhandledPromptBehavior: dismiss and notify, webauthn:extension:credBlob: true, webauthn:extension:largeBlob: true, webauthn:extension:minPinLength: true, webauthn:extension:prf: true, webauthn:virtualAuthenticators: true}
Session ID: 93ff9f3e8cc9755ae99586f2ffbd49be
at java.base/jdk.internal.reflect.NativeConstructorAccessorImpl.newInstance0(Native Method)
at java.base/jdk.internal.reflect.NativeConstructorAccessorImpl.newInstance(NativeConstructorAccessorImpl.java:77)
at java.base/jdk.internal.reflect.DelegatingConstructorAccessorImpl.newInstance(DelegatingConstructorAccessorImpl.java:45)
at java.base/java.lang.reflect.Constructor.newInstanceWithCaller(Constructor.java:499)
at java.base/java.lang.reflect.Constructor.newInstance(Constructor.java:480)
at org.openqa.selenium.remote.ErrorCodec.decode(ErrorCodec.java:167)
at org.openqa.selenium.remote.codec.w3c.W3CHttpResponseCodec.decode(W3CHttpResponseCodec.java:138)
at org.openqa.selenium.remote.codec.w3c.W3CHttpResponseCodec.decode(W3CHttpResponseCodec.java:50)
at org.openqa.selenium.remote.HttpCommandExecutor.execute(HttpCommandExecutor.java:215)
at org.openqa.selenium.remote.service.DriverCommandExecutor.invokeExecute(DriverCommandExecutor.java:216)
at org.openqa.selenium.remote.service.DriverCommandExecutor.execute(DriverCommandExecutor.java:174)
at org.openqa.selenium.remote.RemoteWebDriver.execute(RemoteWebDriver.java:557)
at org.openqa.selenium.remote.ElementLocation$ElementFinder$2.findElement(ElementLocation.java:165)
at org.openqa.selenium.remote.ElementLocation.findElement(ElementLocation.java:59)
at org.openqa.selenium.remote.RemoteWebDriver.findElement(RemoteWebDriver.java:380)
at org.openqa.selenium.remote.RemoteWebDriver.findElement(RemoteWebDriver.java:374)
at org.openqa.selenium.support.pagefactory.DefaultElementLocator.findElement(DefaultElementLocator.java:68)
at org.openqa.selenium.support.pagefactory.internal.LocatingElementHandler.invoke(LocatingElementHandler.java:38)
at jdk.proxy2/jdk.proxy2.$Proxy12.click(Unknown Source)
at LambdaTest.PageObjects.DashboardPage.ChangePass(DashboardPage.java:39)
at LambdaTest.LambdaTestPlaygroud.DashboardScenarios.ChangePassword(DashboardScenarios.java:33)
at java.base/jdk.internal.reflect.NativeMethodAccessorImpl.invoke0(Native Method)
at java.base/jdk.internal.reflect.NativeMethodAccessorImpl.invoke(NativeMethodAccessorImpl.java:77)
at java.base/jdk.internal.reflect.DelegatingMethodAccessorImpl.invoke(DelegatingMethodAccessorImpl.java:43)
at java.base/java.lang.reflect.Method.invoke(Method.java:568)
at org.testng.internal.invokers.MethodInvocationHelper.invokeMethod(MethodInvocationHelper.java:141)
at org.testng.internal.invokers.TestInvoker.invokeMethod(TestInvoker.java:687)
at org.testng.internal.invokers.TestInvoker.invokeTestMethod(TestInvoker.java:230)
at org.testng.internal.invokers.MethodRunner.runInSequence(MethodRunner.java:63)
at org.testng.internal.invokers.TestInvoker$MethodInvocationAgent.invoke(TestInvoker.java:995)
at org.testng.internal.invokers.TestInvoker.invokeTestMethods(TestInvoker.java:203)
at org.testng.internal.invokers.TestMethodWorker.invokeTestMethods(TestMethodWorker.java:154)
at org.testng.internal.invokers.TestMethodWorker.run(TestMethodWorker.java:134)
at java.base/java.util.ArrayList.forEach(ArrayList.java:1511)
at org.testng.TestRunner.privateRun(TestRunner.java:741)
at org.testng.TestRunner.run(TestRunner.java:616)
at org.testng.SuiteRunner.runTest(SuiteRunner.java:421)
at org.testng.SuiteRunner$SuiteWorker.run(SuiteRunner.java:463)
at org.testng.internal.thread.ThreadUtil.lambda$execute$0(ThreadUtil.java:64)
at java.base/java.util.concurrent.FutureTask.run(FutureTask.java:264)
at java.base/java.util.concurrent.ThreadPoolExecutor.runWorker(ThreadPoolExecutor.java:1136)
at java.base/java.util.concurrent.ThreadPoolExecutor$Worker.run(ThreadPoolExecutor.java:635)
at java.base/java.lang.Thread.run(Thread.java:842)
]]>
            </full-stacktrace>
          </exception> <!-- org.openqa.selenium.NoSuchElementException -->
          <reporter-output>
          </reporter-output>
        </test-method> <!-- ChangePassword -->
        <test-method is-config="true" signature="TearDown()[pri:0, instance:LambdaTest.LambdaTestPlaygroud.DashboardScenarios@4f0f2942]" started-at="2025-09-07T23:30:18 IST" name="TearDown" finished-at="2025-09-07T23:30:22 IST" duration-ms="4077" status="PASS">
          <reporter-output>
          </reporter-output>
        </test-method> <!-- TearDown -->
        <test-method is-config="true" signature="LaunchLambdaApplication()[pri:0, instance:LambdaTest.LambdaTestPlaygroud.DashboardScenarios@4f0f2942]" started-at="2025-09-07T23:30:22 IST" name="LaunchLambdaApplication" finished-at="2025-09-07T23:30:30 IST" duration-ms="8200" status="PASS">
          <reporter-output>
          </reporter-output>
        </test-method> <!-- LaunchLambdaApplication -->
        <test-method signature="EditUserInfo()[pri:0, instance:LambdaTest.LambdaTestPlaygroud.DashboardScenarios@4f0f2942]" started-at="2025-09-07T23:30:30 IST" name="EditUserInfo" finished-at="2025-09-07T23:30:33 IST" depends-on-methods="LambdaTest.LambdaTestPlaygroud.DashboardScenarios.Login" duration-ms="3134" status="FAIL">
          <exception class="org.openqa.selenium.NoSuchElementException">
            <message>
              <![CDATA[no such element: Unable to locate element: {"method":"xpath","selector":"(//div[@class='col-6 col-sm-4 col-lg-2_4'])[1]"}
  (Session info: chrome=139.0.7258.155)
For documentation on this error, please visit: https://www.selenium.dev/documentation/webdriver/troubleshooting/errors#no-such-element-exception
Build info: version: '4.35.0', revision: '1c58e5028b'
System info: os.name: 'Windows 11', os.arch: 'amd64', os.version: '10.0', java.version: '17.0.12'
Driver info: org.openqa.selenium.chrome.ChromeDriver
Command: [c289c5dfe8d3c16fc1b0a413de12bdd6, findElement {using=xpath, value=(//div[@class='col-6 col-sm-4 col-lg-2_4'])[1]}]
Capabilities {acceptInsecureCerts: false, browserName: chrome, browserVersion: 139.0.7258.155, chrome: {chromedriverVersion: 138.0.7204.49 (d2b48fd5f781..., userDataDir: C:\Users\acer\AppData\Local...}, fedcm:accounts: true, goog:chromeOptions: {debuggerAddress: localhost:61295}, networkConnectionEnabled: false, pageLoadStrategy: normal, platformName: windows, proxy: Proxy(), se:cdp: ws://localhost:61295/devtoo..., se:cdpVersion: 139.0.7258.155, setWindowRect: true, strictFileInteractability: false, timeouts: {implicit: 0, pageLoad: 300000, script: 30000}, unhandledPromptBehavior: dismiss and notify, webauthn:extension:credBlob: true, webauthn:extension:largeBlob: true, webauthn:extension:minPinLength: true, webauthn:extension:prf: true, webauthn:virtualAuthenticators: true}
Session ID: c289c5dfe8d3c16fc1b0a413de12bdd6]]>
            </message>
            <full-stacktrace>
              <![CDATA[org.openqa.selenium.NoSuchElementException: no such element: Unable to locate element: {"method":"xpath","selector":"(//div[@class='col-6 col-sm-4 col-lg-2_4'])[1]"}
  (Session info: chrome=139.0.7258.155)
For documentation on this error, please visit: https://www.selenium.dev/documentation/webdriver/troubleshooting/errors#no-such-element-exception
Build info: version: '4.35.0', revision: '1c58e5028b'
System info: os.name: 'Windows 11', os.arch: 'amd64', os.version: '10.0', java.version: '17.0.12'
Driver info: org.openqa.selenium.chrome.ChromeDriver
Command: [c289c5dfe8d3c16fc1b0a413de12bdd6, findElement {using=xpath, value=(//div[@class='col-6 col-sm-4 col-lg-2_4'])[1]}]
Capabilities {acceptInsecureCerts: false, browserName: chrome, browserVersion: 139.0.7258.155, chrome: {chromedriverVersion: 138.0.7204.49 (d2b48fd5f781..., userDataDir: C:\Users\acer\AppData\Local...}, fedcm:accounts: true, goog:chromeOptions: {debuggerAddress: localhost:61295}, networkConnectionEnabled: false, pageLoadStrategy: normal, platformName: windows, proxy: Proxy(), se:cdp: ws://localhost:61295/devtoo..., se:cdpVersion: 139.0.7258.155, setWindowRect: true, strictFileInteractability: false, timeouts: {implicit: 0, pageLoad: 300000, script: 30000}, unhandledPromptBehavior: dismiss and notify, webauthn:extension:credBlob: true, webauthn:extension:largeBlob: true, webauthn:extension:minPinLength: true, webauthn:extension:prf: true, webauthn:virtualAuthenticators: true}
Session ID: c289c5dfe8d3c16fc1b0a413de12bdd6
at java.base/jdk.internal.reflect.NativeConstructorAccessorImpl.newInstance0(Native Method)
at java.base/jdk.internal.reflect.NativeConstructorAccessorImpl.newInstance(NativeConstructorAccessorImpl.java:77)
at java.base/jdk.internal.reflect.DelegatingConstructorAccessorImpl.newInstance(DelegatingConstructorAccessorImpl.java:45)
at java.base/java.lang.reflect.Constructor.newInstanceWithCaller(Constructor.java:499)
at java.base/java.lang.reflect.Constructor.newInstance(Constructor.java:480)
at org.openqa.selenium.remote.ErrorCodec.decode(ErrorCodec.java:167)
at org.openqa.selenium.remote.codec.w3c.W3CHttpResponseCodec.decode(W3CHttpResponseCodec.java:138)
at org.openqa.selenium.remote.codec.w3c.W3CHttpResponseCodec.decode(W3CHttpResponseCodec.java:50)
at org.openqa.selenium.remote.HttpCommandExecutor.execute(HttpCommandExecutor.java:215)
at org.openqa.selenium.remote.service.DriverCommandExecutor.invokeExecute(DriverCommandExecutor.java:216)
at org.openqa.selenium.remote.service.DriverCommandExecutor.execute(DriverCommandExecutor.java:174)
at org.openqa.selenium.remote.RemoteWebDriver.execute(RemoteWebDriver.java:557)
at org.openqa.selenium.remote.ElementLocation$ElementFinder$2.findElement(ElementLocation.java:165)
at org.openqa.selenium.remote.ElementLocation.findElement(ElementLocation.java:59)
at org.openqa.selenium.remote.RemoteWebDriver.findElement(RemoteWebDriver.java:380)
at org.openqa.selenium.remote.RemoteWebDriver.findElement(RemoteWebDriver.java:374)
at org.openqa.selenium.support.pagefactory.DefaultElementLocator.findElement(DefaultElementLocator.java:68)
at org.openqa.selenium.support.pagefactory.internal.LocatingElementHandler.invoke(LocatingElementHandler.java:38)
at jdk.proxy2/jdk.proxy2.$Proxy12.click(Unknown Source)
at LambdaTest.PageObjects.DashboardPage.EditInfo(DashboardPage.java:31)
at LambdaTest.LambdaTestPlaygroud.DashboardScenarios.EditUserInfo(DashboardScenarios.java:24)
at java.base/jdk.internal.reflect.NativeMethodAccessorImpl.invoke0(Native Method)
at java.base/jdk.internal.reflect.NativeMethodAccessorImpl.invoke(NativeMethodAccessorImpl.java:77)
at java.base/jdk.internal.reflect.DelegatingMethodAccessorImpl.invoke(DelegatingMethodAccessorImpl.java:43)
at java.base/java.lang.reflect.Method.invoke(Method.java:568)
at org.testng.internal.invokers.MethodInvocationHelper.invokeMethod(MethodInvocationHelper.java:141)
at org.testng.internal.invokers.TestInvoker.invokeMethod(TestInvoker.java:687)
at org.testng.internal.invokers.TestInvoker.invokeTestMethod(TestInvoker.java:230)
at org.testng.internal.invokers.MethodRunner.runInSequence(MethodRunner.java:63)
at org.testng.internal.invokers.TestInvoker$MethodInvocationAgent.invoke(TestInvoker.java:995)
at org.testng.internal.invokers.TestInvoker.invokeTestMethods(TestInvoker.java:203)
at org.testng.internal.invokers.TestMethodWorker.invokeTestMethods(TestMethodWorker.java:154)
at org.testng.internal.invokers.TestMethodWorker.run(TestMethodWorker.java:134)
at java.base/java.util.ArrayList.forEach(ArrayList.java:1511)
at org.testng.TestRunner.privateRun(TestRunner.java:741)
at org.testng.TestRunner.run(TestRunner.java:616)
at org.testng.SuiteRunner.runTest(SuiteRunner.java:421)
at org.testng.SuiteRunner$SuiteWorker.run(SuiteRunner.java:463)
at org.testng.internal.thread.ThreadUtil.lambda$execute$0(ThreadUtil.java:64)
at java.base/java.util.concurrent.FutureTask.run(FutureTask.java:264)
at java.base/java.util.concurrent.ThreadPoolExecutor.runWorker(ThreadPoolExecutor.java:1136)
at java.base/java.util.concurrent.ThreadPoolExecutor$Worker.run(ThreadPoolExecutor.java:635)
at java.base/java.lang.Thread.run(Thread.java:842)
]]>
            </full-stacktrace>
          </exception> <!-- org.openqa.selenium.NoSuchElementException -->
          <reporter-output>
          </reporter-output>
        </test-method> <!-- EditUserInfo -->
        <test-method is-config="true" signature="TearDown()[pri:0, instance:LambdaTest.LambdaTestPlaygroud.DashboardScenarios@4f0f2942]" started-at="2025-09-07T23:30:34 IST" name="TearDown" finished-at="2025-09-07T23:30:39 IST" duration-ms="4510" status="PASS">
          <reporter-output>
          </reporter-output>
        </test-method> <!-- TearDown -->
      </class> <!-- LambdaTest.LambdaTestPlaygroud.DashboardScenarios -->
    </test> <!-- Dashboard Test -->
    <test started-at="2025-09-07T23:29:27 IST" name="SearchBar Test" finished-at="2025-09-07T23:30:42 IST" duration-ms="74786">
      <class name="LambdaTest.LambdaTestPlaygroud.SearchBarScenarios">
        <test-method is-config="true" signature="LaunchLambdaApplication()[pri:0, instance:LambdaTest.LambdaTestPlaygroud.SearchBarScenarios@387a8303]" started-at="2025-09-07T23:29:27 IST" name="LaunchLambdaApplication" finished-at="2025-09-07T23:29:33 IST" duration-ms="6110" status="PASS">
          <reporter-output>
          </reporter-output>
        </test-method> <!-- LaunchLambdaApplication -->
        <test-method signature="Login()[pri:0, instance:LambdaTest.LambdaTestPlaygroud.SearchBarScenarios@387a8303]" started-at="2025-09-07T23:29:33 IST" name="Login" finished-at="2025-09-07T23:29:47 IST" duration-ms="14001" status="PASS">
          <reporter-output>
          </reporter-output>
        </test-method> <!-- Login -->
        <test-method is-config="true" signature="TearDown()[pri:0, instance:LambdaTest.LambdaTestPlaygroud.SearchBarScenarios@387a8303]" started-at="2025-09-07T23:29:47 IST" name="TearDown" finished-at="2025-09-07T23:29:54 IST" duration-ms="6834" status="PASS">
          <reporter-output>
          </reporter-output>
        </test-method> <!-- TearDown -->
        <test-method is-config="true" signature="LaunchLambdaApplication()[pri:0, instance:LambdaTest.LambdaTestPlaygroud.SearchBarScenarios@387a8303]" started-at="2025-09-07T23:29:54 IST" name="LaunchLambdaApplication" finished-at="2025-09-07T23:30:03 IST" duration-ms="8872" status="PASS">
          <reporter-output>
          </reporter-output>
        </test-method> <!-- LaunchLambdaApplication -->
        <test-method signature="searchItemsTC1()[pri:0, instance:LambdaTest.LambdaTestPlaygroud.SearchBarScenarios@387a8303]" started-at="2025-09-07T23:30:03 IST" name="searchItemsTC1" finished-at="2025-09-07T23:30:17 IST" depends-on-methods="LambdaTest.LambdaTestPlaygroud.SearchBarScenarios.Login" duration-ms="13782" status="PASS">
          <reporter-output>
          </reporter-output>
        </test-method> <!-- searchItemsTC1 -->
        <test-method is-config="true" signature="TearDown()[pri:0, instance:LambdaTest.LambdaTestPlaygroud.SearchBarScenarios@387a8303]" started-at="2025-09-07T23:30:17 IST" name="TearDown" finished-at="2025-09-07T23:30:22 IST" duration-ms="5135" status="PASS">
          <reporter-output>
          </reporter-output>
        </test-method> <!-- TearDown -->
        <test-method is-config="true" signature="LaunchLambdaApplication()[pri:0, instance:LambdaTest.LambdaTestPlaygroud.SearchBarScenarios@387a8303]" started-at="2025-09-07T23:30:22 IST" name="LaunchLambdaApplication" finished-at="2025-09-07T23:30:28 IST" duration-ms="5966" status="PASS">
          <reporter-output>
          </reporter-output>
        </test-method> <!-- LaunchLambdaApplication -->
        <test-method signature="SearchUsingFilterTC2()[pri:0, instance:LambdaTest.LambdaTestPlaygroud.SearchBarScenarios@387a8303]" started-at="2025-09-07T23:30:28 IST" name="SearchUsingFilterTC2" finished-at="2025-09-07T23:30:41 IST" depends-on-methods="LambdaTest.LambdaTestPlaygroud.SearchBarScenarios.searchItemsTC1" duration-ms="12917" status="PASS">
          <reporter-output>
          </reporter-output>
        </test-method> <!-- SearchUsingFilterTC2 -->
        <test-method is-config="true" signature="TearDown()[pri:0, instance:LambdaTest.LambdaTestPlaygroud.SearchBarScenarios@387a8303]" started-at="2025-09-07T23:30:41 IST" name="TearDown" finished-at="2025-09-07T23:30:42 IST" duration-ms="1043" status="PASS">
          <reporter-output>
          </reporter-output>
        </test-method> <!-- TearDown -->
      </class> <!-- LambdaTest.LambdaTestPlaygroud.SearchBarScenarios -->
    </test> <!-- SearchBar Test -->
    <test started-at="2025-09-07T23:29:27 IST" name="Mega View Items" finished-at="2025-09-07T23:30:47 IST" duration-ms="80513">
      <class name="LambdaTest.LambdaTestPlaygroud.MegaMenuViewItems">
        <test-method is-config="true" signature="LaunchLambdaApplication()[pri:0, instance:LambdaTest.LambdaTestPlaygroud.MegaMenuViewItems@2d0399f4]" started-at="2025-09-07T23:29:27 IST" name="LaunchLambdaApplication" finished-at="2025-09-07T23:29:36 IST" duration-ms="8654" status="PASS">
          <reporter-output>
          </reporter-output>
        </test-method> <!-- LaunchLambdaApplication -->
        <test-method signature="Login()[pri:0, instance:LambdaTest.LambdaTestPlaygroud.MegaMenuViewItems@2d0399f4]" started-at="2025-09-07T23:29:36 IST" name="Login" finished-at="2025-09-07T23:29:46 IST" duration-ms="10574" status="PASS">
          <reporter-output>
          </reporter-output>
        </test-method> <!-- Login -->
        <test-method is-config="true" signature="TearDown()[pri:0, instance:LambdaTest.LambdaTestPlaygroud.MegaMenuViewItems@2d0399f4]" started-at="2025-09-07T23:29:46 IST" name="TearDown" finished-at="2025-09-07T23:29:50 IST" duration-ms="3553" status="PASS">
          <reporter-output>
          </reporter-output>
        </test-method> <!-- TearDown -->
        <test-method is-config="true" signature="LaunchLambdaApplication()[pri:0, instance:LambdaTest.LambdaTestPlaygroud.MegaMenuViewItems@2d0399f4]" started-at="2025-09-07T23:29:51 IST" name="LaunchLambdaApplication" finished-at="2025-09-07T23:29:59 IST" duration-ms="7324" status="PASS">
          <reporter-output>
          </reporter-output>
        </test-method> <!-- LaunchLambdaApplication -->
        <test-method signature="ViewItems(java.util.HashMap)[pri:0, instance:LambdaTest.LambdaTestPlaygroud.MegaMenuViewItems@2d0399f4]" started-at="2025-09-07T23:29:59 IST" name="ViewItems" data-provider="MegaMenuDataSet" finished-at="2025-09-07T23:30:10 IST" duration-ms="11091" status="PASS">
          <params>
            <param index="0">
              <value>
                <![CDATA[{Item=Apple}]]>
              </value>
            </param>
          </params>
          <reporter-output>
          </reporter-output>
        </test-method> <!-- ViewItems -->
        <test-method is-config="true" signature="TearDown()[pri:0, instance:LambdaTest.LambdaTestPlaygroud.MegaMenuViewItems@2d0399f4]" started-at="2025-09-07T23:30:10 IST" name="TearDown" finished-at="2025-09-07T23:30:16 IST" duration-ms="6453" status="PASS">
          <reporter-output>
          </reporter-output>
        </test-method> <!-- TearDown -->
        <test-method is-config="true" signature="LaunchLambdaApplication()[pri:0, instance:LambdaTest.LambdaTestPlaygroud.MegaMenuViewItems@2d0399f4]" started-at="2025-09-07T23:30:16 IST" name="LaunchLambdaApplication" finished-at="2025-09-07T23:30:23 IST" duration-ms="6794" status="PASS">
          <reporter-output>
          </reporter-output>
        </test-method> <!-- LaunchLambdaApplication -->
        <test-method signature="ViewItems(java.util.HashMap)[pri:0, instance:LambdaTest.LambdaTestPlaygroud.MegaMenuViewItems@2d0399f4]" started-at="2025-09-07T23:30:23 IST" name="ViewItems" data-provider="MegaMenuDataSet" finished-at="2025-09-07T23:30:27 IST" duration-ms="3778" status="PASS">
          <params>
            <param index="0">
              <value>
                <![CDATA[{Item=HTC}]]>
              </value>
            </param>
          </params>
          <reporter-output>
          </reporter-output>
        </test-method> <!-- ViewItems -->
        <test-method is-config="true" signature="TearDown()[pri:0, instance:LambdaTest.LambdaTestPlaygroud.MegaMenuViewItems@2d0399f4]" started-at="2025-09-07T23:30:27 IST" name="TearDown" finished-at="2025-09-07T23:30:27 IST" duration-ms="362" status="PASS">
          <reporter-output>
          </reporter-output>
        </test-method> <!-- TearDown -->
        <test-method is-config="true" signature="LaunchLambdaApplication()[pri:0, instance:LambdaTest.LambdaTestPlaygroud.MegaMenuViewItems@2d0399f4]" started-at="2025-09-07T23:30:27 IST" name="LaunchLambdaApplication" finished-at="2025-09-07T23:30:39 IST" duration-ms="12187" status="PASS">
          <reporter-output>
          </reporter-output>
        </test-method> <!-- LaunchLambdaApplication -->
        <test-method signature="ViewItems(java.util.HashMap)[pri:0, instance:LambdaTest.LambdaTestPlaygroud.MegaMenuViewItems@2d0399f4]" started-at="2025-09-07T23:30:39 IST" name="ViewItems" data-provider="MegaMenuDataSet" finished-at="2025-09-07T23:30:47 IST" duration-ms="7541" status="PASS">
          <params>
            <param index="0">
              <value>
                <![CDATA[{Item=Headphones}]]>
              </value>
            </param>
          </params>
          <reporter-output>
          </reporter-output>
        </test-method> <!-- ViewItems -->
        <test-method is-config="true" signature="TearDown()[pri:0, instance:LambdaTest.LambdaTestPlaygroud.MegaMenuViewItems@2d0399f4]" started-at="2025-09-07T23:30:47 IST" name="TearDown" finished-at="2025-09-07T23:30:47 IST" duration-ms="463" status="PASS">
          <reporter-output>
          </reporter-output>
        </test-method> <!-- TearDown -->
      </class> <!-- LambdaTest.LambdaTestPlaygroud.MegaMenuViewItems -->
    </test> <!-- Mega View Items -->
    <test started-at="2025-09-07T23:30:17 IST" name="Buy Item Test" finished-at="2025-09-07T23:30:58 IST" duration-ms="41740">
      <class name="LambdaTest.LambdaTestPlaygroud.BuyItemsScenarios">
        <test-method is-config="true" signature="LaunchLambdaApplication()[pri:0, instance:LambdaTest.LambdaTestPlaygroud.BuyItemsScenarios@2f953efd]" started-at="2025-09-07T23:30:17 IST" name="LaunchLambdaApplication" finished-at="2025-09-07T23:30:24 IST" duration-ms="7159" status="PASS">
          <reporter-output>
          </reporter-output>
        </test-method> <!-- LaunchLambdaApplication -->
        <test-method signature="Login()[pri:0, instance:LambdaTest.LambdaTestPlaygroud.BuyItemsScenarios@2f953efd]" started-at="2025-09-07T23:30:24 IST" name="Login" finished-at="2025-09-07T23:30:34 IST" duration-ms="9748" status="PASS">
          <reporter-output>
          </reporter-output>
        </test-method> <!-- Login -->
        <test-method is-config="true" signature="TearDown()[pri:0, instance:LambdaTest.LambdaTestPlaygroud.BuyItemsScenarios@2f953efd]" started-at="2025-09-07T23:30:34 IST" name="TearDown" finished-at="2025-09-07T23:30:38 IST" duration-ms="4537" status="PASS">
          <reporter-output>
          </reporter-output>
        </test-method> <!-- TearDown -->
        <test-method is-config="true" signature="LaunchLambdaApplication()[pri:0, instance:LambdaTest.LambdaTestPlaygroud.BuyItemsScenarios@2f953efd]" started-at="2025-09-07T23:30:38 IST" name="LaunchLambdaApplication" finished-at="2025-09-07T23:30:46 IST" duration-ms="8028" status="PASS">
          <reporter-output>
          </reporter-output>
        </test-method> <!-- LaunchLambdaApplication -->
        <test-method signature="ViewItemsTC1()[pri:0, instance:LambdaTest.LambdaTestPlaygroud.BuyItemsScenarios@2f953efd]" started-at="2025-09-07T23:30:46 IST" name="ViewItemsTC1" finished-at="2025-09-07T23:30:50 IST" depends-on-methods="LambdaTest.LambdaTestPlaygroud.BuyItemsScenarios.Login" duration-ms="3956" status="PASS">
          <reporter-output>
          </reporter-output>
        </test-method> <!-- ViewItemsTC1 -->
        <test-method is-config="true" signature="TearDown()[pri:0, instance:LambdaTest.LambdaTestPlaygroud.BuyItemsScenarios@2f953efd]" started-at="2025-09-07T23:30:50 IST" name="TearDown" finished-at="2025-09-07T23:30:50 IST" duration-ms="75" status="PASS">
          <reporter-output>
          </reporter-output>
        </test-method> <!-- TearDown -->
        <test-method is-config="true" signature="LaunchLambdaApplication()[pri:0, instance:LambdaTest.LambdaTestPlaygroud.BuyItemsScenarios@2f953efd]" started-at="2025-09-07T23:30:50 IST" name="LaunchLambdaApplication" finished-at="2025-09-07T23:30:58 IST" duration-ms="7614" status="PASS">
          <reporter-output>
          </reporter-output>
        </test-method> <!-- LaunchLambdaApplication -->
        <test-method signature="AddItemstoCartTC2()[pri:0, instance:LambdaTest.LambdaTestPlaygroud.BuyItemsScenarios@2f953efd]" started-at="2025-09-07T23:30:58 IST" name="AddItemstoCartTC2" finished-at="2025-09-07T23:30:58 IST" depends-on-methods="LambdaTest.LambdaTestPlaygroud.BuyItemsScenarios.ViewItemsTC1" duration-ms="60" status="FAIL">
          <exception class="org.openqa.selenium.ElementNotInteractableException">
            <message>
              <![CDATA[element not interactable
  (Session info: chrome=139.0.7258.155)
Build info: version: '4.35.0', revision: '1c58e5028b'
System info: os.name: 'Windows 11', os.arch: 'amd64', os.version: '10.0', java.version: '17.0.12'
Driver info: org.openqa.selenium.chrome.ChromeDriver
Command: [0d9196d67d58f032196fab0ba376ddcc, clickElement {id=f.90469D2A785E16D73071D0470EFEB0F0.d.A38804B65060D9CE849EB632FEE19C62.e.38}]
Capabilities {acceptInsecureCerts: false, browserName: chrome, browserVersion: 139.0.7258.155, chrome: {chromedriverVersion: 138.0.7204.49 (d2b48fd5f781..., userDataDir: C:\Users\acer\AppData\Local...}, fedcm:accounts: true, goog:chromeOptions: {debuggerAddress: localhost:51589}, networkConnectionEnabled: false, pageLoadStrategy: normal, platformName: windows, proxy: Proxy(), se:cdp: ws://localhost:51589/devtoo..., se:cdpVersion: 139.0.7258.155, setWindowRect: true, strictFileInteractability: false, timeouts: {implicit: 0, pageLoad: 300000, script: 30000}, unhandledPromptBehavior: dismiss and notify, webauthn:extension:credBlob: true, webauthn:extension:largeBlob: true, webauthn:extension:minPinLength: true, webauthn:extension:prf: true, webauthn:virtualAuthenticators: true}
Element: [[ChromeDriver: chrome on windows (0d9196d67d58f032196fab0ba376ddcc)] -> xpath: (//a[text()='iPod Nano'])[2]]
Session ID: 0d9196d67d58f032196fab0ba376ddcc]]>
            </message>
            <full-stacktrace>
              <![CDATA[org.openqa.selenium.ElementNotInteractableException: element not interactable
  (Session info: chrome=139.0.7258.155)
Build info: version: '4.35.0', revision: '1c58e5028b'
System info: os.name: 'Windows 11', os.arch: 'amd64', os.version: '10.0', java.version: '17.0.12'
Driver info: org.openqa.selenium.chrome.ChromeDriver
Command: [0d9196d67d58f032196fab0ba376ddcc, clickElement {id=f.90469D2A785E16D73071D0470EFEB0F0.d.A38804B65060D9CE849EB632FEE19C62.e.38}]
Capabilities {acceptInsecureCerts: false, browserName: chrome, browserVersion: 139.0.7258.155, chrome: {chromedriverVersion: 138.0.7204.49 (d2b48fd5f781..., userDataDir: C:\Users\acer\AppData\Local...}, fedcm:accounts: true, goog:chromeOptions: {debuggerAddress: localhost:51589}, networkConnectionEnabled: false, pageLoadStrategy: normal, platformName: windows, proxy: Proxy(), se:cdp: ws://localhost:51589/devtoo..., se:cdpVersion: 139.0.7258.155, setWindowRect: true, strictFileInteractability: false, timeouts: {implicit: 0, pageLoad: 300000, script: 30000}, unhandledPromptBehavior: dismiss and notify, webauthn:extension:credBlob: true, webauthn:extension:largeBlob: true, webauthn:extension:minPinLength: true, webauthn:extension:prf: true, webauthn:virtualAuthenticators: true}
Element: [[ChromeDriver: chrome on windows (0d9196d67d58f032196fab0ba376ddcc)] -> xpath: (//a[text()='iPod Nano'])[2]]
Session ID: 0d9196d67d58f032196fab0ba376ddcc
at java.base/jdk.internal.reflect.NativeConstructorAccessorImpl.newInstance0(Native Method)
at java.base/jdk.internal.reflect.NativeConstructorAccessorImpl.newInstance(NativeConstructorAccessorImpl.java:77)
at java.base/jdk.internal.reflect.DelegatingConstructorAccessorImpl.newInstance(DelegatingConstructorAccessorImpl.java:45)
at java.base/java.lang.reflect.Constructor.newInstanceWithCaller(Constructor.java:499)
at java.base/java.lang.reflect.Constructor.newInstance(Constructor.java:480)
at org.openqa.selenium.remote.ErrorCodec.decode(ErrorCodec.java:167)
at org.openqa.selenium.remote.codec.w3c.W3CHttpResponseCodec.decode(W3CHttpResponseCodec.java:138)
at org.openqa.selenium.remote.codec.w3c.W3CHttpResponseCodec.decode(W3CHttpResponseCodec.java:50)
at org.openqa.selenium.remote.HttpCommandExecutor.execute(HttpCommandExecutor.java:215)
at org.openqa.selenium.remote.service.DriverCommandExecutor.invokeExecute(DriverCommandExecutor.java:216)
at org.openqa.selenium.remote.service.DriverCommandExecutor.execute(DriverCommandExecutor.java:174)
at org.openqa.selenium.remote.RemoteWebDriver.execute(RemoteWebDriver.java:557)
at org.openqa.selenium.remote.RemoteWebElement.execute(RemoteWebElement.java:223)
at org.openqa.selenium.remote.RemoteWebElement.click(RemoteWebElement.java:76)
at LambdaTest.PageObjects.CartPage.cartItem(CartPage.java:55)
at LambdaTest.LambdaTestPlaygroud.BuyItemsScenarios.AddItemstoCartTC2(BuyItemsScenarios.java:31)
at java.base/jdk.internal.reflect.NativeMethodAccessorImpl.invoke0(Native Method)
at java.base/jdk.internal.reflect.NativeMethodAccessorImpl.invoke(NativeMethodAccessorImpl.java:77)
at java.base/jdk.internal.reflect.DelegatingMethodAccessorImpl.invoke(DelegatingMethodAccessorImpl.java:43)
at java.base/java.lang.reflect.Method.invoke(Method.java:568)
at org.testng.internal.invokers.MethodInvocationHelper.invokeMethod(MethodInvocationHelper.java:141)
at org.testng.internal.invokers.TestInvoker.invokeMethod(TestInvoker.java:687)
at org.testng.internal.invokers.TestInvoker.invokeTestMethod(TestInvoker.java:230)
at org.testng.internal.invokers.MethodRunner.runInSequence(MethodRunner.java:63)
at org.testng.internal.invokers.TestInvoker$MethodInvocationAgent.invoke(TestInvoker.java:995)
at org.testng.internal.invokers.TestInvoker.invokeTestMethods(TestInvoker.java:203)
at org.testng.internal.invokers.TestMethodWorker.invokeTestMethods(TestMethodWorker.java:154)
at org.testng.internal.invokers.TestMethodWorker.run(TestMethodWorker.java:134)
at java.base/java.util.ArrayList.forEach(ArrayList.java:1511)
at org.testng.TestRunner.privateRun(TestRunner.java:741)
at org.testng.TestRunner.run(TestRunner.java:616)
at org.testng.SuiteRunner.runTest(SuiteRunner.java:421)
at org.testng.SuiteRunner$SuiteWorker.run(SuiteRunner.java:463)
at org.testng.internal.thread.ThreadUtil.lambda$execute$0(ThreadUtil.java:64)
at java.base/java.util.concurrent.FutureTask.run(FutureTask.java:264)
at java.base/java.util.concurrent.ThreadPoolExecutor.runWorker(ThreadPoolExecutor.java:1136)
at java.base/java.util.concurrent.ThreadPoolExecutor$Worker.run(ThreadPoolExecutor.java:635)
at java.base/java.lang.Thread.run(Thread.java:842)
]]>
            </full-stacktrace>
          </exception> <!-- org.openqa.selenium.ElementNotInteractableException -->
          <reporter-output>
          </reporter-output>
        </test-method> <!-- AddItemstoCartTC2 -->
        <test-method is-config="true" signature="TearDown()[pri:0, instance:LambdaTest.LambdaTestPlaygroud.BuyItemsScenarios@2f953efd]" started-at="2025-09-07T23:30:58 IST" name="TearDown" finished-at="2025-09-07T23:30:58 IST" duration-ms="78" status="PASS">
          <reporter-output>
          </reporter-output>
        </test-method> <!-- TearDown -->
        <test-method signature="CheckOutTC3()[pri:0, instance:LambdaTest.LambdaTestPlaygroud.BuyItemsScenarios@2f953efd]" started-at="2025-09-07T23:30:58 IST" name="CheckOutTC3" finished-at="2025-09-07T23:30:58 IST" depends-on-methods="LambdaTest.LambdaTestPlaygroud.BuyItemsScenarios.AddItemstoCartTC2" duration-ms="0" status="SKIP">
          <exception class="java.lang.Throwable">
            <message>
              <![CDATA[Method LambdaTest.LambdaTestPlaygroud.BuyItemsScenarios.CheckOutTC3() on instance LambdaTest.LambdaTestPlaygroud.BuyItemsScenarios@2f953efd depends on not successfully finished methods 
[LambdaTest.LambdaTestPlaygroud.BuyItemsScenarios.AddItemstoCartTC2() on instance LambdaTest.LambdaTestPlaygroud.BuyItemsScenarios@2f953efd]]]>
            </message>
            <full-stacktrace>
              <![CDATA[java.lang.Throwable: Method LambdaTest.LambdaTestPlaygroud.BuyItemsScenarios.CheckOutTC3() on instance LambdaTest.LambdaTestPlaygroud.BuyItemsScenarios@2f953efd depends on not successfully finished methods 
[LambdaTest.LambdaTestPlaygroud.BuyItemsScenarios.AddItemstoCartTC2() on instance LambdaTest.LambdaTestPlaygroud.BuyItemsScenarios@2f953efd]
at org.testng.internal.invokers.TestInvoker.invokeTestMethods(TestInvoker.java:159)
at org.testng.internal.invokers.TestMethodWorker.invokeTestMethods(TestMethodWorker.java:154)
at org.testng.internal.invokers.TestMethodWorker.run(TestMethodWorker.java:134)
at java.base/java.util.ArrayList.forEach(ArrayList.java:1511)
at org.testng.TestRunner.privateRun(TestRunner.java:741)
at org.testng.TestRunner.run(TestRunner.java:616)
at org.testng.SuiteRunner.runTest(SuiteRunner.java:421)
at org.testng.SuiteRunner$SuiteWorker.run(SuiteRunner.java:463)
at org.testng.internal.thread.ThreadUtil.lambda$execute$0(ThreadUtil.java:64)
at java.base/java.util.concurrent.FutureTask.run(FutureTask.java:264)
at java.base/java.util.concurrent.ThreadPoolExecutor.runWorker(ThreadPoolExecutor.java:1136)
at java.base/java.util.concurrent.ThreadPoolExecutor$Worker.run(ThreadPoolExecutor.java:635)
at java.base/java.lang.Thread.run(Thread.java:842)
]]>
            </full-stacktrace>
          </exception> <!-- java.lang.Throwable -->
          <reporter-output>
          </reporter-output>
        </test-method> <!-- CheckOutTC3 -->
      </class> <!-- LambdaTest.LambdaTestPlaygroud.BuyItemsScenarios -->
    </test> <!-- Buy Item Test -->
  </suite> <!-- All Scenarios -->
</testng-results>
